# JRE version: OpenJDK Runtime Environment (11.0.10) (build 11.0.10+0-b96-7249189)
# Java VM: OpenJDK 64-Bit Server VM (11.0.10+0-b96-7249189, mixed mode, tiered, compressed oops, g1 gc, windows-amd64)
Heap:
 garbage-first heap   total 317440K, used 260994K [0x0000000080000000, 0x0000000100000000)
  region size 1024K, 111 young (113664K), 11 survivors (11264K)
 Metaspace       used 122589K, capacity 125983K, committed 126080K, reserved 1159168K
  class space    used 15438K, capacity 16779K, committed 16844K, reserved 1048576K
GC Heap History (20 events):
Event: 26.093 GC heap before
{Heap before GC invocations=50 (full 0):
 garbage-first heap   total 264192K, used 183814K [0x0000000080000000, 0x0000000100000000)
  region size 1024K, 51 young (52224K), 4 survivors (4096K)
 Metaspace       used 103758K, capacity 106432K, committed 106624K, reserved 1142784K
  class space    used 13277K, capacity 14227K, committed 14284K, reserved 1048576K
}
Event: 26.101 GC heap after
{Heap after GC invocations=51 (full 0):
 garbage-first heap   total 264192K, used 138774K [0x0000000080000000, 0x0000000100000000)
  region size 1024K, 6 young (6144K), 6 survivors (6144K)
 Metaspace       used 103758K, capacity 106432K, committed 106624K, reserved 1142784K
  class space    used 13277K, capacity 14227K, committed 14284K, reserved 1048576K
}
Event: 26.380 GC heap before
{Heap before GC invocations=51 (full 0):
 garbage-first heap   total 264192K, used 193046K [0x0000000080000000, 0x0000000100000000)
  region size 1024K, 56 young (57344K), 6 survivors (6144K)
 Metaspace       used 103986K, capacity 106632K, committed 107008K, reserved 1142784K
  class space    used 13299K, capacity 14271K, committed 14412K, reserved 1048576K
}
Event: 26.388 GC heap after
{Heap after GC invocations=52 (full 0):
 garbage-first heap   total 264192K, used 146229K [0x0000000080000000, 0x0000000100000000)
  region size 1024K, 7 young (7168K), 7 survivors (7168K)
 Metaspace       used 103986K, capacity 106632K, committed 107008K, reserved 1142784K
  class space    used 13299K, capacity 14271K, committed 14412K, reserved 1048576K
}
Event: 26.524 GC heap before
{Heap before GC invocations=52 (full 0):
 garbage-first heap   total 264192K, used 198453K [0x0000000080000000, 0x0000000100000000)
  region size 1024K, 57 young (58368K), 7 survivors (7168K)
 Metaspace       used 104046K, capacity 106702K, committed 107008K, reserved 1142784K
  class space    used 13300K, capacity 14272K, committed 14412K, reserved 1048576K
}
Event: 26.531 GC heap after
{Heap after GC invocations=53 (full 0):
 garbage-first heap   total 264192K, used 152203K [0x0000000080000000, 0x0000000100000000)
  region size 1024K, 8 young (8192K), 8 survivors (8192K)
 Metaspace       used 104046K, capacity 106702K, committed 107008K, reserved 1142784K
  class space    used 13300K, capacity 14272K, committed 14412K, reserved 1048576K
}
Event: 26.711 GC heap before
{Heap before GC invocations=53 (full 0):
 garbage-first heap   total 264192K, used 209547K [0x0000000080000000, 0x0000000100000000)
  region size 1024K, 58 young (59392K), 8 survivors (8192K)
 Metaspace       used 104136K, capacity 106775K, committed 107008K, reserved 1142784K
  class space    used 13304K, capacity 14275K, committed 14412K, reserved 1048576K
}
Event: 26.717 GC heap after
{Heap after GC invocations=54 (full 0):
 garbage-first heap   total 264192K, used 158817K [0x0000000080000000, 0x0000000100000000)
  region size 1024K, 1 young (1024K), 1 survivors (1024K)
 Metaspace       used 104136K, capacity 106775K, committed 107008K, reserved 1142784K
  class space    used 13304K, capacity 14275K, committed 14412K, reserved 1048576K
}
Event: 26.885 GC heap before
{Heap before GC invocations=54 (full 0):
 garbage-first heap   total 264192K, used 210017K [0x0000000080000000, 0x0000000100000000)
  region size 1024K, 51 young (52224K), 1 survivors (1024K)
 Metaspace       used 104179K, capacity 106853K, committed 107008K, reserved 1142784K
  class space    used 13306K, capacity 14279K, committed 14412K, reserved 1048576K
}
Event: 26.888 GC heap after
{Heap after GC invocations=55 (full 0):
 garbage-first heap   total 317440K, used 158859K [0x0000000080000000, 0x0000000100000000)
  region size 1024K, 1 young (1024K), 1 survivors (1024K)
 Metaspace       used 104179K, capacity 106853K, committed 107008K, reserved 1142784K
  class space    used 13306K, capacity 14279K, committed 14412K, reserved 1048576K
}
Event: 28.607 GC heap before
{Heap before GC invocations=55 (full 0):
 garbage-first heap   total 317440K, used 231563K [0x0000000080000000, 0x0000000100000000)
  region size 1024K, 73 young (74752K), 1 survivors (1024K)
 Metaspace       used 107315K, capacity 109974K, committed 110336K, reserved 1144832K
  class space    used 13758K, capacity 14797K, committed 14924K, reserved 1048576K
}
Event: 28.609 GC heap after
{Heap after GC invocations=56 (full 0):
 garbage-first heap   total 317440K, used 151411K [0x0000000080000000, 0x0000000100000000)
  region size 1024K, 2 young (2048K), 2 survivors (2048K)
 Metaspace       used 107315K, capacity 109974K, committed 110336K, reserved 1144832K
  class space    used 13758K, capacity 14797K, committed 14924K, reserved 1048576K
}
Event: 30.307 GC heap before
{Heap before GC invocations=56 (full 0):
 garbage-first heap   total 317440K, used 234355K [0x0000000080000000, 0x0000000100000000)
  region size 1024K, 82 young (83968K), 2 survivors (2048K)
 Metaspace       used 113484K, capacity 116385K, committed 116608K, reserved 1150976K
  class space    used 14430K, capacity 15522K, committed 15564K, reserved 1048576K
}
Event: 30.314 GC heap after
{Heap after GC invocations=57 (full 0):
 garbage-first heap   total 317440K, used 156731K [0x0000000080000000, 0x0000000100000000)
  region size 1024K, 5 young (5120K), 5 survivors (5120K)
 Metaspace       used 113484K, capacity 116385K, committed 116608K, reserved 1150976K
  class space    used 14430K, capacity 15522K, committed 15564K, reserved 1048576K
}
Event: 31.094 GC heap before
{Heap before GC invocations=57 (full 0):
 garbage-first heap   total 317440K, used 243771K [0x0000000080000000, 0x0000000100000000)
  region size 1024K, 89 young (91136K), 5 survivors (5120K)
 Metaspace       used 118096K, capacity 121389K, committed 121600K, reserved 1155072K
  class space    used 15093K, capacity 16386K, committed 16460K, reserved 1048576K
}
Event: 31.108 GC heap after
{Heap after GC invocations=58 (full 0):
 garbage-first heap   total 317440K, used 160985K [0x0000000080000000, 0x0000000100000000)
  region size 1024K, 11 young (11264K), 11 survivors (11264K)
 Metaspace       used 118096K, capacity 121389K, committed 121600K, reserved 1155072K
  class space    used 15093K, capacity 16386K, committed 16460K, reserved 1048576K
}
Event: 437.473 GC heap before
{Heap before GC invocations=58 (full 0):
 garbage-first heap   total 317440K, used 267481K [0x0000000080000000, 0x0000000100000000)
  region size 1024K, 98 young (100352K), 11 survivors (11264K)
 Metaspace       used 120892K, capacity 124319K, committed 124416K, reserved 1157120K
  class space    used 15374K, capacity 16677K, committed 16716K, reserved 1048576K
}
Event: 437.509 GC heap after
{Heap after GC invocations=59 (full 0):
 garbage-first heap   total 317440K, used 156980K [0x0000000080000000, 0x0000000100000000)
  region size 1024K, 3 young (3072K), 3 survivors (3072K)
 Metaspace       used 120892K, capacity 124319K, committed 124416K, reserved 1157120K
  class space    used 15374K, capacity 16677K, committed 16716K, reserved 1048576K
}
Event: 3425.829 GC heap before
{Heap before GC invocations=59 (full 0):
 garbage-first heap   total 317440K, used 257332K [0x0000000080000000, 0x0000000100000000)
  region size 1024K, 102 young (104448K), 3 survivors (3072K)
 Metaspace       used 121776K, capacity 125181K, committed 125440K, reserved 1159168K
  class space    used 15390K, capacity 16701K, committed 16716K, reserved 1048576K
}
Event: 3425.847 GC heap after
{Heap after GC invocations=60 (full 0):
 garbage-first heap   total 317440K, used 156546K [0x0000000080000000, 0x0000000100000000)
  region size 1024K, 3 young (3072K), 3 survivors (3072K)
 Metaspace       used 121776K, capacity 125181K, committed 125440K, reserved 1159168K
  class space    used 15390K, capacity 16701K, committed 16716K, reserved 1048576K
}

