# JRE version: OpenJDK Runtime Environment (11.0.10) (build 11.0.10+0-b96-7249189)
# Java VM: OpenJDK 64-Bit Server VM (11.0.10+0-b96-7249189, mixed mode, tiered, compressed oops, g1 gc, windows-amd64)
Heap:
 garbage-first heap   total 126976K, used 76060K [0x0000000080000000, 0x0000000100000000)
  region size 1024K, 47 young (48128K), 3 survivors (3072K)
 Metaspace       used 47199K, capacity 48444K, committed 48512K, reserved 1091584K
  class space    used 6031K, capacity 6471K, committed 6528K, reserved 1048576K
GC Heap History (14 events):
Event: 4.158 GC heap before
{Heap before GC invocations=0 (full 0):
 garbage-first heap   total 126976K, used 29696K [0x0000000080000000, 0x0000000100000000)
  region size 1024K, 24 young (24576K), 0 survivors (0K)
 Metaspace       used 9790K, capacity 9986K, committed 10112K, reserved 1058816K
  class space    used 1021K, capacity 1102K, committed 1152K, reserved 1048576K
}
Event: 4.163 GC heap after
{Heap after GC invocations=1 (full 0):
 garbage-first heap   total 126976K, used 9916K [0x0000000080000000, 0x0000000100000000)
  region size 1024K, 3 young (3072K), 3 survivors (3072K)
 Metaspace       used 9790K, capacity 9986K, committed 10112K, reserved 1058816K
  class space    used 1021K, capacity 1102K, committed 1152K, reserved 1048576K
}
Event: 7.463 GC heap before
{Heap before GC invocations=1 (full 0):
 garbage-first heap   total 126976K, used 82620K [0x0000000080000000, 0x0000000100000000)
  region size 1024K, 74 young (75776K), 3 survivors (3072K)
 Metaspace       used 17688K, capacity 18150K, committed 18432K, reserved 1064960K
  class space    used 2088K, capacity 2236K, committed 2304K, reserved 1048576K
}
Event: 7.467 GC heap after
{Heap after GC invocations=2 (full 0):
 garbage-first heap   total 126976K, used 16331K [0x0000000080000000, 0x0000000100000000)
  region size 1024K, 10 young (10240K), 10 survivors (10240K)
 Metaspace       used 17688K, capacity 18150K, committed 18432K, reserved 1064960K
  class space    used 2088K, capacity 2236K, committed 2304K, reserved 1048576K
}
Event: 7.669 GC heap before
{Heap before GC invocations=2 (full 0):
 garbage-first heap   total 126976K, used 38859K [0x0000000080000000, 0x0000000100000000)
  region size 1024K, 33 young (33792K), 10 survivors (10240K)
 Metaspace       used 20595K, capacity 21118K, committed 21248K, reserved 1067008K
  class space    used 2514K, capacity 2720K, committed 2816K, reserved 1048576K
}
Event: 7.675 GC heap after
{Heap after GC invocations=3 (full 0):
 garbage-first heap   total 126976K, used 16598K [0x0000000080000000, 0x0000000100000000)
  region size 1024K, 1 young (1024K), 1 survivors (1024K)
 Metaspace       used 20595K, capacity 21118K, committed 21248K, reserved 1067008K
  class space    used 2514K, capacity 2720K, committed 2816K, reserved 1048576K
}
Event: 8.191 GC heap before
{Heap before GC invocations=4 (full 0):
 garbage-first heap   total 126976K, used 79062K [0x0000000080000000, 0x0000000100000000)
  region size 1024K, 62 young (63488K), 1 survivors (1024K)
 Metaspace       used 26480K, capacity 27130K, committed 27392K, reserved 1073152K
  class space    used 3492K, capacity 3753K, committed 3840K, reserved 1048576K
}
Event: 8.193 GC heap after
{Heap after GC invocations=5 (full 0):
 garbage-first heap   total 126976K, used 18568K [0x0000000080000000, 0x0000000100000000)
  region size 1024K, 3 young (3072K), 3 survivors (3072K)
 Metaspace       used 26480K, capacity 27130K, committed 27392K, reserved 1073152K
  class space    used 3492K, capacity 3753K, committed 3840K, reserved 1048576K
}
Event: 8.771 GC heap before
{Heap before GC invocations=5 (full 0):
 garbage-first heap   total 126976K, used 66696K [0x0000000080000000, 0x0000000100000000)
  region size 1024K, 51 young (52224K), 3 survivors (3072K)
 Metaspace       used 35044K, capacity 35798K, committed 35840K, reserved 1081344K
  class space    used 4536K, capacity 4832K, committed 4864K, reserved 1048576K
}
Event: 8.777 GC heap after
{Heap after GC invocations=6 (full 0):
 garbage-first heap   total 126976K, used 21867K [0x0000000080000000, 0x0000000100000000)
  region size 1024K, 6 young (6144K), 6 survivors (6144K)
 Metaspace       used 35044K, capacity 35798K, committed 35840K, reserved 1081344K
  class space    used 4536K, capacity 4832K, committed 4864K, reserved 1048576K
}
Event: 9.521 GC heap before
{Heap before GC invocations=7 (full 0):
 garbage-first heap   total 126976K, used 86379K [0x0000000080000000, 0x0000000100000000)
  region size 1024K, 67 young (68608K), 6 survivors (6144K)
 Metaspace       used 39519K, capacity 40430K, committed 40576K, reserved 1085440K
  class space    used 5054K, capacity 5390K, committed 5504K, reserved 1048576K
}
Event: 9.529 GC heap after
{Heap after GC invocations=8 (full 0):
 garbage-first heap   total 126976K, used 26553K [0x0000000080000000, 0x0000000100000000)
  region size 1024K, 8 young (8192K), 8 survivors (8192K)
 Metaspace       used 39519K, capacity 40430K, committed 40576K, reserved 1085440K
  class space    used 5054K, capacity 5390K, committed 5504K, reserved 1048576K
}
Event: 10.454 GC heap before
{Heap before GC invocations=8 (full 0):
 garbage-first heap   total 126976K, used 90041K [0x0000000080000000, 0x0000000100000000)
  region size 1024K, 69 young (70656K), 8 survivors (8192K)
 Metaspace       used 45219K, capacity 46343K, committed 46464K, reserved 1089536K
  class space    used 5813K, capacity 6227K, committed 6272K, reserved 1048576K
}
Event: 10.462 GC heap after
{Heap after GC invocations=9 (full 0):
 garbage-first heap   total 126976K, used 28956K [0x0000000080000000, 0x0000000100000000)
  region size 1024K, 3 young (3072K), 3 survivors (3072K)
 Metaspace       used 45219K, capacity 46343K, committed 46464K, reserved 1089536K
  class space    used 5813K, capacity 6227K, committed 6272K, reserved 1048576K
}

