# JRE version: OpenJDK Runtime Environment (11.0.10) (build 11.0.10+0-b96-7249189)
# Java VM: OpenJDK 64-Bit Server VM (11.0.10+0-b96-7249189, mixed mode, tiered, compressed oops, g1 gc, windows-amd64)
Heap:
 garbage-first heap   total 183296K, used 144427K [0x0000000080000000, 0x0000000100000000)
  region size 1024K, 67 young (68608K), 11 survivors (11264K)
 Metaspace       used 83069K, capacity 85184K, committed 85504K, reserved 1124352K
  class space    used 10741K, capacity 11521K, committed 11596K, reserved 1048576K
GC Heap History (20 events):
Event: 2.648 GC heap before
{Heap before GC invocations=5 (full 0):
 garbage-first heap   total 126976K, used 73504K [0x0000000080000000, 0x0000000100000000)
  region size 1024K, 57 young (58368K), 3 survivors (3072K)
 Metaspace       used 34209K, capacity 34979K, committed 35200K, reserved 1079296K
  class space    used 4458K, capacity 4730K, committed 4736K, reserved 1048576K
}
Event: 2.653 GC heap after
{Heap after GC invocations=6 (full 0):
 garbage-first heap   total 126976K, used 21529K [0x0000000080000000, 0x0000000100000000)
  region size 1024K, 6 young (6144K), 6 survivors (6144K)
 Metaspace       used 34209K, capacity 34979K, committed 35200K, reserved 1079296K
  class space    used 4458K, capacity 4730K, committed 4736K, reserved 1048576K
}
Event: 2.720 GC heap before
{Heap before GC invocations=6 (full 0):
 garbage-first heap   total 126976K, used 23577K [0x0000000080000000, 0x0000000100000000)
  region size 1024K, 10 young (10240K), 6 survivors (6144K)
 Metaspace       used 35041K, capacity 35830K, committed 35840K, reserved 1081344K
  class space    used 4547K, capacity 4864K, committed 4864K, reserved 1048576K
}
Event: 2.728 GC heap after
{Heap after GC invocations=7 (full 0):
 garbage-first heap   total 152576K, used 22000K [0x0000000080000000, 0x0000000100000000)
  region size 1024K, 4 young (4096K), 4 survivors (4096K)
 Metaspace       used 35041K, capacity 35830K, committed 35840K, reserved 1081344K
  class space    used 4547K, capacity 4864K, committed 4864K, reserved 1048576K
}
Event: 3.442 GC heap before
{Heap before GC invocations=8 (full 0):
 garbage-first heap   total 152576K, used 85488K [0x0000000080000000, 0x0000000100000000)
  region size 1024K, 64 young (65536K), 4 survivors (4096K)
 Metaspace       used 39396K, capacity 40299K, committed 40524K, reserved 1085440K
  class space    used 5041K, capacity 5389K, committed 5452K, reserved 1048576K
}
Event: 3.448 GC heap after
{Heap after GC invocations=9 (full 0):
 garbage-first heap   total 152576K, used 27091K [0x0000000080000000, 0x0000000100000000)
  region size 1024K, 8 young (8192K), 8 survivors (8192K)
 Metaspace       used 39396K, capacity 40299K, committed 40524K, reserved 1085440K
  class space    used 5041K, capacity 5389K, committed 5452K, reserved 1048576K
}
Event: 4.148 GC heap before
{Heap before GC invocations=9 (full 0):
 garbage-first heap   total 152576K, used 90579K [0x0000000080000000, 0x0000000100000000)
  region size 1024K, 70 young (71680K), 8 survivors (8192K)
 Metaspace       used 45106K, capacity 46238K, committed 46412K, reserved 1089536K
  class space    used 5808K, capacity 6192K, committed 6220K, reserved 1048576K
}
Event: 4.153 GC heap after
{Heap after GC invocations=10 (full 0):
 garbage-first heap   total 152576K, used 29320K [0x0000000080000000, 0x0000000100000000)
  region size 1024K, 7 young (7168K), 7 survivors (7168K)
 Metaspace       used 45106K, capacity 46238K, committed 46412K, reserved 1089536K
  class space    used 5808K, capacity 6192K, committed 6220K, reserved 1048576K
}
Event: 4.749 GC heap before
{Heap before GC invocations=10 (full 0):
 garbage-first heap   total 152576K, used 99976K [0x0000000080000000, 0x0000000100000000)
  region size 1024K, 72 young (73728K), 7 survivors (7168K)
 Metaspace       used 49307K, capacity 50706K, committed 50892K, reserved 1093632K
  class space    used 6318K, capacity 6790K, committed 6860K, reserved 1048576K
}
Event: 4.757 GC heap after
{Heap after GC invocations=11 (full 0):
 garbage-first heap   total 152576K, used 41572K [0x0000000080000000, 0x0000000100000000)
  region size 1024K, 9 young (9216K), 9 survivors (9216K)
 Metaspace       used 49307K, capacity 50706K, committed 50892K, reserved 1093632K
  class space    used 6318K, capacity 6790K, committed 6860K, reserved 1048576K
}
Event: 5.344 GC heap before
{Heap before GC invocations=11 (full 0):
 garbage-first heap   total 152576K, used 99940K [0x0000000080000000, 0x0000000100000000)
  region size 1024K, 67 young (68608K), 9 survivors (9216K)
 Metaspace       used 58550K, capacity 60121K, committed 60288K, reserved 1101824K
  class space    used 7454K, capacity 8028K, committed 8140K, reserved 1048576K
}
Event: 5.356 GC heap after
{Heap after GC invocations=12 (full 0):
 garbage-first heap   total 183296K, used 44959K [0x0000000080000000, 0x0000000100000000)
  region size 1024K, 4 young (4096K), 4 survivors (4096K)
 Metaspace       used 58550K, capacity 60121K, committed 60288K, reserved 1101824K
  class space    used 7454K, capacity 8028K, committed 8140K, reserved 1048576K
}
Event: 5.886 GC heap before
{Heap before GC invocations=13 (full 0):
 garbage-first heap   total 183296K, used 117663K [0x0000000080000000, 0x0000000100000000)
  region size 1024K, 75 young (76800K), 4 survivors (4096K)
 Metaspace       used 63238K, capacity 64870K, committed 65024K, reserved 1105920K
  class space    used 8076K, capacity 8700K, committed 8780K, reserved 1048576K
}
Event: 5.894 GC heap after
{Heap after GC invocations=14 (full 0):
 garbage-first heap   total 183296K, used 50755K [0x0000000080000000, 0x0000000100000000)
  region size 1024K, 9 young (9216K), 9 survivors (9216K)
 Metaspace       used 63238K, capacity 64870K, committed 65024K, reserved 1105920K
  class space    used 8076K, capacity 8700K, committed 8780K, reserved 1048576K
}
Event: 6.832 GC heap before
{Heap before GC invocations=15 (full 0):
 garbage-first heap   total 183296K, used 123459K [0x0000000080000000, 0x0000000100000000)
  region size 1024K, 80 young (81920K), 9 survivors (9216K)
 Metaspace       used 71455K, capacity 73181K, committed 73472K, reserved 1112064K
  class space    used 9365K, capacity 9989K, committed 10060K, reserved 1048576K
}
Event: 6.838 GC heap after
{Heap after GC invocations=16 (full 0):
 garbage-first heap   total 183296K, used 55041K [0x0000000080000000, 0x0000000100000000)
  region size 1024K, 5 young (5120K), 5 survivors (5120K)
 Metaspace       used 71455K, capacity 73181K, committed 73472K, reserved 1112064K
  class space    used 9365K, capacity 9989K, committed 10060K, reserved 1048576K
}
Event: 8.180 GC heap before
{Heap before GC invocations=16 (full 0):
 garbage-first heap   total 183296K, used 128769K [0x0000000080000000, 0x0000000100000000)
  region size 1024K, 77 young (78848K), 5 survivors (5120K)
 Metaspace       used 78139K, capacity 80278K, committed 80384K, reserved 1118208K
  class space    used 10291K, capacity 11077K, committed 11084K, reserved 1048576K
}
Event: 8.187 GC heap after
{Heap after GC invocations=17 (full 0):
 garbage-first heap   total 183296K, used 60017K [0x0000000080000000, 0x0000000100000000)
  region size 1024K, 10 young (10240K), 10 survivors (10240K)
 Metaspace       used 78139K, capacity 80278K, committed 80384K, reserved 1118208K
  class space    used 10291K, capacity 11077K, committed 11084K, reserved 1048576K
}
Event: 8.985 GC heap before
{Heap before GC invocations=17 (full 0):
 garbage-first heap   total 183296K, used 134769K [0x0000000080000000, 0x0000000100000000)
  region size 1024K, 82 young (83968K), 10 survivors (10240K)
 Metaspace       used 80453K, capacity 82602K, committed 82688K, reserved 1120256K
  class space    used 10499K, capacity 11288K, committed 11340K, reserved 1048576K
}
Event: 8.997 GC heap after
{Heap after GC invocations=18 (full 0):
 garbage-first heap   total 183296K, used 73771K [0x0000000080000000, 0x0000000100000000)
  region size 1024K, 11 young (11264K), 11 survivors (11264K)
 Metaspace       used 80453K, capacity 82602K, committed 82688K, reserved 1120256K
  class space    used 10499K, capacity 11288K, committed 11340K, reserved 1048576K
}

