# JRE version: OpenJDK Runtime Environment (11.0.10) (build 11.0.10+0-b96-7249189)
# Java VM: OpenJDK 64-Bit Server VM (11.0.10+0-b96-7249189, mixed mode, tiered, compressed oops, g1 gc, windows-amd64)
Heap:
 garbage-first heap   total 152576K, used 76621K [0x0000000080000000, 0x0000000100000000)
  region size 1024K, 36 young (36864K), 8 survivors (8192K)
 Metaspace       used 64862K, capacity 66436K, committed 66688K, reserved 1107968K
  class space    used 8285K, capacity 8857K, committed 8908K, reserved 1048576K
GC Heap History (20 events):
Event: 0.431 GC heap before
{Heap before GC invocations=0 (full 0):
 garbage-first heap   total 126976K, used 29696K [0x0000000080000000, 0x0000000100000000)
  region size 1024K, 24 young (24576K), 0 survivors (0K)
 Metaspace       used 9785K, capacity 9986K, committed 10112K, reserved 1058816K
  class space    used 1022K, capacity 1102K, committed 1152K, reserved 1048576K
}
Event: 0.436 GC heap after
{Heap after GC invocations=1 (full 0):
 garbage-first heap   total 126976K, used 9269K [0x0000000080000000, 0x0000000100000000)
  region size 1024K, 3 young (3072K), 3 survivors (3072K)
 Metaspace       used 9785K, capacity 9986K, committed 10112K, reserved 1058816K
  class space    used 1022K, capacity 1102K, committed 1152K, reserved 1048576K
}
Event: 1.345 GC heap before
{Heap before GC invocations=1 (full 0):
 garbage-first heap   total 126976K, used 81973K [0x0000000080000000, 0x0000000100000000)
  region size 1024K, 74 young (75776K), 3 survivors (3072K)
 Metaspace       used 17669K, capacity 18086K, committed 18176K, reserved 1064960K
  class space    used 2089K, capacity 2236K, committed 2304K, reserved 1048576K
}
Event: 1.350 GC heap after
{Heap after GC invocations=2 (full 0):
 garbage-first heap   total 126976K, used 15881K [0x0000000080000000, 0x0000000100000000)
  region size 1024K, 10 young (10240K), 10 survivors (10240K)
 Metaspace       used 17669K, capacity 18086K, committed 18176K, reserved 1064960K
  class space    used 2089K, capacity 2236K, committed 2304K, reserved 1048576K
}
Event: 1.574 GC heap before
{Heap before GC invocations=2 (full 0):
 garbage-first heap   total 126976K, used 38409K [0x0000000080000000, 0x0000000100000000)
  region size 1024K, 33 young (33792K), 10 survivors (10240K)
 Metaspace       used 20589K, capacity 21118K, committed 21248K, reserved 1067008K
  class space    used 2519K, capacity 2720K, committed 2816K, reserved 1048576K
}
Event: 1.580 GC heap after
{Heap after GC invocations=3 (full 0):
 garbage-first heap   total 126976K, used 16711K [0x0000000080000000, 0x0000000100000000)
  region size 1024K, 1 young (1024K), 1 survivors (1024K)
 Metaspace       used 20589K, capacity 21118K, committed 21248K, reserved 1067008K
  class space    used 2519K, capacity 2720K, committed 2816K, reserved 1048576K
}
Event: 2.219 GC heap before
{Heap before GC invocations=4 (full 0):
 garbage-first heap   total 126976K, used 74055K [0x0000000080000000, 0x0000000100000000)
  region size 1024K, 57 young (58368K), 1 survivors (1024K)
 Metaspace       used 26196K, capacity 26749K, committed 27008K, reserved 1073152K
  class space    used 3440K, capacity 3666K, committed 3712K, reserved 1048576K
}
Event: 2.221 GC heap after
{Heap after GC invocations=5 (full 0):
 garbage-first heap   total 126976K, used 18390K [0x0000000080000000, 0x0000000100000000)
  region size 1024K, 3 young (3072K), 3 survivors (3072K)
 Metaspace       used 26196K, capacity 26749K, committed 27008K, reserved 1073152K
  class space    used 3440K, capacity 3666K, committed 3712K, reserved 1048576K
}
Event: 2.975 GC heap before
{Heap before GC invocations=5 (full 0):
 garbage-first heap   total 126976K, used 71638K [0x0000000080000000, 0x0000000100000000)
  region size 1024K, 56 young (57344K), 3 survivors (3072K)
 Metaspace       used 35024K, capacity 35830K, committed 35840K, reserved 1081344K
  class space    used 4545K, capacity 4864K, committed 4864K, reserved 1048576K
}
Event: 2.981 GC heap after
{Heap after GC invocations=6 (full 0):
 garbage-first heap   total 126976K, used 21885K [0x0000000080000000, 0x0000000100000000)
  region size 1024K, 6 young (6144K), 6 survivors (6144K)
 Metaspace       used 35024K, capacity 35830K, committed 35840K, reserved 1081344K
  class space    used 4545K, capacity 4864K, committed 4864K, reserved 1048576K
}
Event: 3.580 GC heap before
{Heap before GC invocations=7 (full 0):
 garbage-first heap   total 126976K, used 86397K [0x0000000080000000, 0x0000000100000000)
  region size 1024K, 67 young (68608K), 6 survivors (6144K)
 Metaspace       used 39473K, capacity 40430K, committed 40524K, reserved 1085440K
  class space    used 5058K, capacity 5390K, committed 5452K, reserved 1048576K
}
Event: 3.587 GC heap after
{Heap after GC invocations=8 (full 0):
 garbage-first heap   total 152576K, used 26924K [0x0000000080000000, 0x0000000100000000)
  region size 1024K, 9 young (9216K), 9 survivors (9216K)
 Metaspace       used 39473K, capacity 40430K, committed 40524K, reserved 1085440K
  class space    used 5058K, capacity 5390K, committed 5452K, reserved 1048576K
}
Event: 4.701 GC heap before
{Heap before GC invocations=8 (full 0):
 garbage-first heap   total 152576K, used 98604K [0x0000000080000000, 0x0000000100000000)
  region size 1024K, 79 young (80896K), 9 survivors (9216K)
 Metaspace       used 45731K, capacity 46885K, committed 47052K, reserved 1089536K
  class space    used 5882K, capacity 6300K, committed 6348K, reserved 1048576K
}
Event: 4.708 GC heap after
{Heap after GC invocations=9 (full 0):
 garbage-first heap   total 152576K, used 29163K [0x0000000080000000, 0x0000000100000000)
  region size 1024K, 8 young (8192K), 8 survivors (8192K)
 Metaspace       used 45731K, capacity 46885K, committed 47052K, reserved 1089536K
  class space    used 5882K, capacity 6300K, committed 6348K, reserved 1048576K
}
Event: 10.858 GC heap before
{Heap before GC invocations=9 (full 0):
 garbage-first heap   total 152576K, used 105963K [0x0000000080000000, 0x0000000100000000)
  region size 1024K, 80 young (81920K), 8 survivors (8192K)
 Metaspace       used 51416K, capacity 52840K, committed 52940K, reserved 1095680K
  class space    used 6563K, capacity 7074K, committed 7116K, reserved 1048576K
}
Event: 10.867 GC heap after
{Heap after GC invocations=10 (full 0):
 garbage-first heap   total 152576K, used 41104K [0x0000000080000000, 0x0000000100000000)
  region size 1024K, 10 young (10240K), 10 survivors (10240K)
 Metaspace       used 51416K, capacity 52840K, committed 52940K, reserved 1095680K
  class space    used 6563K, capacity 7074K, committed 7116K, reserved 1048576K
}
Event: 11.586 GC heap before
{Heap before GC invocations=10 (full 0):
 garbage-first heap   total 152576K, used 85136K [0x0000000080000000, 0x0000000100000000)
  region size 1024K, 54 young (55296K), 10 survivors (10240K)
 Metaspace       used 58520K, capacity 60076K, committed 60288K, reserved 1101824K
  class space    used 7442K, capacity 8010K, committed 8140K, reserved 1048576K
}
Event: 11.596 GC heap after
{Heap after GC invocations=11 (full 0):
 garbage-first heap   total 152576K, used 44695K [0x0000000080000000, 0x0000000100000000)
  region size 1024K, 3 young (3072K), 3 survivors (3072K)
 Metaspace       used 58520K, capacity 60076K, committed 60288K, reserved 1101824K
  class space    used 7442K, capacity 8010K, committed 8140K, reserved 1048576K
}
Event: 12.264 GC heap before
{Heap before GC invocations=12 (full 0):
 garbage-first heap   total 152576K, used 104087K [0x0000000080000000, 0x0000000100000000)
  region size 1024K, 61 young (62464K), 3 survivors (3072K)
 Metaspace       used 63189K, capacity 64784K, committed 65024K, reserved 1105920K
  class space    used 8061K, capacity 8647K, committed 8780K, reserved 1048576K
}
Event: 12.271 GC heap after
{Heap after GC invocations=13 (full 0):
 garbage-first heap   total 152576K, used 48973K [0x0000000080000000, 0x0000000100000000)
  region size 1024K, 8 young (8192K), 8 survivors (8192K)
 Metaspace       used 63189K, capacity 64784K, committed 65024K, reserved 1105920K
  class space    used 8061K, capacity 8647K, committed 8780K, reserved 1048576K
}

